# JRE version: Java(TM) SE Runtime Environment (8.0_25-b18) (build 1.8.0_25-b18)
# Java VM: Java HotSpot(TM) 64-Bit Server VM (25.25-b02 mixed mode windows-amd64 compressed oops)
Heap:
 PSYoungGen      total 598528K, used 247694K [0x00000000d5b80000, 0x00000000fab00000, 0x0000000100000000)
  eden space 594432K, 41% used [0x00000000d5b80000,0x00000000e4d63948,0x00000000fa000000)
  from space 4096K, 0% used [0x00000000fa480000,0x00000000fa480000,0x00000000fa880000)
  to   space 2560K, 0% used [0x00000000fa880000,0x00000000fa880000,0x00000000fab00000)
 ParOldGen       total 88064K, used 46073K [0x0000000081200000, 0x0000000086800000, 0x00000000d5b80000)
  object space 88064K, 52% used [0x0000000081200000,0x0000000083efe7e0,0x0000000086800000)
 Metaspace       used 153967K, capacity 169324K, committed 169472K, reserved 1196032K
  class space    used 15333K, capacity 23500K, committed 23552K, reserved 1048576K
GC Heap History (10 events):
Event: 28803.572 GC heap before
{Heap before GC invocations=872 (full 429):
 PSYoungGen      total 598528K, used 3695K [0x00000000d5b80000, 0x00000000fae80000, 0x0000000100000000)
  eden space 594432K, 0% used [0x00000000d5b80000,0x00000000d5b80000,0x00000000fa000000)
  from space 4096K, 90% used [0x00000000fa680000,0x00000000faa1bca8,0x00000000faa80000)
  to   space 4096K, 0% used [0x00000000faa80000,0x00000000faa80000,0x00000000fae80000)
 ParOldGen       total 88064K, used 45713K [0x0000000081200000, 0x0000000086800000, 0x00000000d5b80000)
  object space 88064K, 51% used [0x0000000081200000,0x0000000083ea4538,0x0000000086800000)
 Metaspace       used 153268K, capacity 168568K, committed 168960K, reserved 1193984K
  class space    used 15264K, capacity 23379K, committed 23552K, reserved 1048576K
Event: 28803.839 GC heap after
Heap after GC invocations=872 (full 429):
 PSYoungGen      total 598528K, used 0K [0x00000000d5b80000, 0x00000000fae80000, 0x0000000100000000)
  eden space 594432K, 0% used [0x00000000d5b80000,0x00000000d5b80000,0x00000000fa000000)
  from space 4096K, 0% used [0x00000000fa680000,0x00000000fa680000,0x00000000faa80000)
  to   space 4096K, 0% used [0x00000000faa80000,0x00000000faa80000,0x00000000fae80000)
 ParOldGen       total 88064K, used 45868K [0x0000000081200000, 0x0000000086800000, 0x00000000d5b80000)
  object space 88064K, 52% used [0x0000000081200000,0x0000000083ecb200,0x0000000086800000)
 Metaspace       used 153247K, capacity 168532K, committed 168960K, reserved 1193984K
  class space    used 15261K, capacity 23372K, committed 23552K, reserved 1048576K
}
Event: 28821.505 GC heap before
{Heap before GC invocations=873 (full 429):
 PSYoungGen      total 598528K, used 184232K [0x00000000d5b80000, 0x00000000fae80000, 0x0000000100000000)
  eden space 594432K, 30% used [0x00000000d5b80000,0x00000000e0f6a390,0x00000000fa000000)
  from space 4096K, 0% used [0x00000000fa680000,0x00000000fa680000,0x00000000faa80000)
  to   space 4096K, 0% used [0x00000000faa80000,0x00000000faa80000,0x00000000fae80000)
 ParOldGen       total 88064K, used 45868K [0x0000000081200000, 0x0000000086800000, 0x00000000d5b80000)
  object space 88064K, 52% used [0x0000000081200000,0x0000000083ecb200,0x0000000086800000)
 Metaspace       used 153502K, capacity 168822K, committed 169216K, reserved 1196032K
  class space    used 15287K, capacity 23420K, committed 23552K, reserved 1048576K
Event: 28821.510 GC heap after
Heap after GC invocations=873 (full 429):
 PSYoungGen      total 598528K, used 3769K [0x00000000d5b80000, 0x00000000fae80000, 0x0000000100000000)
  eden space 594432K, 0% used [0x00000000d5b80000,0x00000000d5b80000,0x00000000fa000000)
  from space 4096K, 92% used [0x00000000faa80000,0x00000000fae2e6f8,0x00000000fae80000)
  to   space 5120K, 0% used [0x00000000fa480000,0x00000000fa480000,0x00000000fa980000)
 ParOldGen       total 88064K, used 45868K [0x0000000081200000, 0x0000000086800000, 0x00000000d5b80000)
  object space 88064K, 52% used [0x0000000081200000,0x0000000083ecb200,0x0000000086800000)
 Metaspace       used 153502K, capacity 168822K, committed 169216K, reserved 1196032K
  class space    used 15287K, capacity 23420K, committed 23552K, reserved 1048576K
}
Event: 28821.510 GC heap before
{Heap before GC invocations=874 (full 430):
 PSYoungGen      total 598528K, used 3769K [0x00000000d5b80000, 0x00000000fae80000, 0x0000000100000000)
  eden space 594432K, 0% used [0x00000000d5b80000,0x00000000d5b80000,0x00000000fa000000)
  from space 4096K, 92% used [0x00000000faa80000,0x00000000fae2e6f8,0x00000000fae80000)
  to   space 5120K, 0% used [0x00000000fa480000,0x00000000fa480000,0x00000000fa980000)
 ParOldGen       total 88064K, used 45868K [0x0000000081200000, 0x0000000086800000, 0x00000000d5b80000)
  object space 88064K, 52% used [0x0000000081200000,0x0000000083ecb200,0x0000000086800000)
 Metaspace       used 153502K, capacity 168822K, committed 169216K, reserved 1196032K
  class space    used 15287K, capacity 23420K, committed 23552K, reserved 1048576K
Event: 28821.782 GC heap after
Heap after GC invocations=874 (full 430):
 PSYoungGen      total 598528K, used 0K [0x00000000d5b80000, 0x00000000fae80000, 0x0000000100000000)
  eden space 594432K, 0% used [0x00000000d5b80000,0x00000000d5b80000,0x00000000fa000000)
  from space 4096K, 0% used [0x00000000faa80000,0x00000000faa80000,0x00000000fae80000)
  to   space 5120K, 0% used [0x00000000fa480000,0x00000000fa480000,0x00000000fa980000)
 ParOldGen       total 88064K, used 45971K [0x0000000081200000, 0x0000000086800000, 0x00000000d5b80000)
  object space 88064K, 52% used [0x0000000081200000,0x0000000083ee4cf0,0x0000000086800000)
 Metaspace       used 153480K, capacity 168786K, committed 169216K, reserved 1196032K
  class space    used 15284K, capacity 23413K, committed 23552K, reserved 1048576K
}
Event: 28846.541 GC heap before
{Heap before GC invocations=875 (full 430):
 PSYoungGen      total 598528K, used 190124K [0x00000000d5b80000, 0x00000000fae80000, 0x0000000100000000)
  eden space 594432K, 31% used [0x00000000d5b80000,0x00000000e152b370,0x00000000fa000000)
  from space 4096K, 0% used [0x00000000faa80000,0x00000000faa80000,0x00000000fae80000)
  to   space 5120K, 0% used [0x00000000fa480000,0x00000000fa480000,0x00000000fa980000)
 ParOldGen       total 88064K, used 45971K [0x0000000081200000, 0x0000000086800000, 0x00000000d5b80000)
  object space 88064K, 52% used [0x0000000081200000,0x0000000083ee4cf0,0x0000000086800000)
 Metaspace       used 153737K, capacity 169076K, committed 169216K, reserved 1196032K
  class space    used 15310K, capacity 23461K, committed 23552K, reserved 1048576K
Event: 28846.547 GC heap after
Heap after GC invocations=875 (full 430):
 PSYoungGen      total 598528K, used 3695K [0x00000000d5b80000, 0x00000000fab00000, 0x0000000100000000)
  eden space 594432K, 0% used [0x00000000d5b80000,0x00000000d5b80000,0x00000000fa000000)
  from space 4096K, 90% used [0x00000000fa480000,0x00000000fa81bca8,0x00000000fa880000)
  to   space 2560K, 0% used [0x00000000fa880000,0x00000000fa880000,0x00000000fab00000)
 ParOldGen       total 88064K, used 45971K [0x0000000081200000, 0x0000000086800000, 0x00000000d5b80000)
  object space 88064K, 52% used [0x0000000081200000,0x0000000083ee4cf0,0x0000000086800000)
 Metaspace       used 153737K, capacity 169076K, committed 169216K, reserved 1196032K
  class space    used 15310K, capacity 23461K, committed 23552K, reserved 1048576K
}
Event: 28846.547 GC heap before
{Heap before GC invocations=876 (full 431):
 PSYoungGen      total 598528K, used 3695K [0x00000000d5b80000, 0x00000000fab00000, 0x0000000100000000)
  eden space 594432K, 0% used [0x00000000d5b80000,0x00000000d5b80000,0x00000000fa000000)
  from space 4096K, 90% used [0x00000000fa480000,0x00000000fa81bca8,0x00000000fa880000)
  to   space 2560K, 0% used [0x00000000fa880000,0x00000000fa880000,0x00000000fab00000)
 ParOldGen       total 88064K, used 45971K [0x0000000081200000, 0x0000000086800000, 0x00000000d5b80000)
  object space 88064K, 52% used [0x0000000081200000,0x0000000083ee4cf0,0x0000000086800000)
 Metaspace       used 153737K, capacity 169076K, committed 169216K, reserved 1196032K
  class space    used 15310K, capacity 23461K, committed 23552K, reserved 1048576K
Event: 28846.803 GC heap after
Heap after GC invocations=876 (full 431):
 PSYoungGen      total 598528K, used 0K [0x00000000d5b80000, 0x00000000fab00000, 0x0000000100000000)
  eden space 594432K, 0% used [0x00000000d5b80000,0x00000000d5b80000,0x00000000fa000000)
  from space 4096K, 0% used [0x00000000fa480000,0x00000000fa480000,0x00000000fa880000)
  to   space 2560K, 0% used [0x00000000fa880000,0x00000000fa880000,0x00000000fab00000)
 ParOldGen       total 88064K, used 46073K [0x0000000081200000, 0x0000000086800000, 0x00000000d5b80000)
  object space 88064K, 52% used [0x0000000081200000,0x0000000083efe7e0,0x0000000086800000)
 Metaspace       used 153716K, capacity 169040K, committed 169216K, reserved 1196032K
  class space    used 15307K, capacity 23454K, committed 23552K, reserved 1048576K
}

